{
  service: 'api-produits',
  port: 3001,
  environment: 'development',
  features: [ 'DDoS Protection', 'Prometheus Metrics', 'Structured Logging' ],
  level: 'info',
  message: 'Server started',
  timestamp: '2025-06-12 10:02:10'
}
{
  service: 'api-produits',
  api: 'http://localhost:3001/api',
  metrics: 'http://localhost:3001/metrics',
  swagger: 'http://localhost:3001/api-docs',
  level: 'info',
  message: 'API endpoints available',
  timestamp: '2025-06-12 10:02:10'
}
{
  service: 'api-produits',
  timestamp: '2025-06-12 10:03:49',
  method: 'GET',
  url: '/api/produits/AfficherAll',
  route: '/afficherAll',
  statusCode: 200,
  duration: '205ms',
  userAgent: 'PostmanRuntime/7.44.0',
  ip: '::1',
  query: {},
  body: undefined,
  level: 'info',
  message: 'API Call Success'
}
{
  service: 'api-produits',
  port: 3001,
  environment: 'development',
  features: [ 'DDoS Protection', 'Prometheus Metrics', 'Structured Logging' ],
  level: 'info',
  message: 'Server started',
  timestamp: '2025-06-12 10:13:53'
}
{
  service: 'api-produits',
  api: 'http://localhost:3001/api',
  metrics: 'http://localhost:3001/metrics',
  swagger: 'http://localhost:3001/api-docs',
  level: 'info',
  message: 'API endpoints available',
  timestamp: '2025-06-12 10:13:53'
}
{
  service: 'api-produits',
  timestamp: '2025-06-12 10:14:17',
  method: 'GET',
  url: '/api/produits/AfficherAll',
  route: '/afficherAll',
  statusCode: 200,
  duration: '205ms',
  userAgent: 'PostmanRuntime/7.44.0',
  ip: '::1',
  query: {},
  body: undefined,
  level: 'info',
  message: 'API Call Success'
}
{
  service: 'api-produits',
  timestamp: '2025-06-12 10:15:15',
  method: 'GET',
  url: '/api/produits/AfficherAll',
  route: '/afficherAll',
  statusCode: 200,
  duration: '30ms',
  userAgent: 'PostmanRuntime/7.44.0',
  ip: '::1',
  query: {},
  body: undefined,
  level: 'info',
  message: 'API Call Success'
}
{
  service: 'api-produits',
  port: 3001,
  environment: 'development',
  features: [ 'DDoS Protection', 'Prometheus Metrics', 'Structured Logging' ],
  level: 'info',
  message: 'Server started',
  timestamp: '2025-06-12 10:17:17'
}
{
  service: 'api-produits',
  api: 'http://localhost:3001/api',
  metrics: 'http://localhost:3001/metrics',
  swagger: 'http://localhost:3001/api-docs',
  level: 'info',
  message: 'API endpoints available',
  timestamp: '2025-06-12 10:17:17'
}
{
  service: 'api-produits',
  timestamp: '2025-06-12 10:18:44',
  method: 'GET',
  url: '/api/produits/AfficherAll',
  route: '/afficherAll',
  statusCode: 200,
  duration: '212ms',
  userAgent: 'PostmanRuntime/7.44.0',
  ip: '::1',
  query: {},
  body: undefined,
  level: 'info',
  message: 'API Call Success'
}
{
  service: 'api-produits',
  port: 3001,
  environment: 'development',
  features: [ 'DDoS Protection', 'Prometheus Metrics', 'Structured Logging' ],
  level: 'info',
  message: 'Server started',
  timestamp: '2025-06-12 10:22:47'
}
{
  service: 'api-produits',
  api: 'http://localhost:3001/api',
  metrics: 'http://localhost:3001/metrics',
  swagger: 'http://localhost:3001/api-docs',
  level: 'info',
  message: 'API endpoints available',
  timestamp: '2025-06-12 10:22:47'
}
{
  service: 'api-produits',
  timestamp: '2025-06-12 10:23:05',
  method: 'GET',
  url: '/api/produits/AfficherAll',
  route: '/afficherAll',
  statusCode: 200,
  duration: '209ms',
  userAgent: 'PostmanRuntime/7.44.0',
  ip: '::1',
  query: {},
  body: undefined,
  level: 'info',
  message: 'API Call Success'
}
{
  service: 'api-produits',
  port: 3001,
  environment: 'development',
  features: [ 'DDoS Protection', 'Prometheus Metrics', 'Structured Logging' ],
  level: 'info',
  message: 'Server started',
  timestamp: '2025-06-12 10:25:58'
}
{
  service: 'api-produits',
  api: 'http://localhost:3001/api',
  metrics: 'http://localhost:3001/metrics',
  swagger: 'http://localhost:3001/api-docs',
  level: 'info',
  message: 'API endpoints available',
  timestamp: '2025-06-12 10:25:58'
}
{
  service: 'api-produits',
  timestamp: '2025-06-12 10:26:09',
  method: 'GET',
  url: '/api/produits/AfficherAll',
  route: '/afficherAll',
  statusCode: 200,
  duration: '204ms',
  userAgent: 'PostmanRuntime/7.44.0',
  ip: '::1',
  query: {},
  body: undefined,
  level: 'info',
  message: 'API Call Success'
}
